<?xml version="1.0" encoding="UTF-8"?>
<!-- Generated by org.testng.reporters.JUnitReportReporter -->
<testsuite skipped="0" hostname="LAPTOP-TCRRDUCD" name="tests.ExpenseTests" tests="5" failures="0" timestamp="18 May 2019 10:25:29 GMT" time="16.083" errors="0">
  <testcase name="verifyTheExpenseCategoryScreenTitle" time="4.287" classname="tests.ExpenseTests"/>
  <testcase name="verifyAddExpenseScreen" time="1.253" classname="tests.ExpenseTests"/>
  <testcase name="verifyAddExpenseFeature" time="8.907" classname="tests.ExpenseTests"/>
  <testcase name="verifyHomePageAfterAddedExpense" time="0.258" classname="tests.ExpenseTests"/>
  <testcase name="verifySelectAnyDateRangeToShowDataMessage" time="1.378" classname="tests.ExpenseTests"/>
</testsuite> <!-- tests.ExpenseTests -->
