<?xml version="1.0" encoding="UTF-8"?>
<!-- Generated by org.testng.reporters.JUnitReportReporter -->
<testsuite skipped="0" hostname="LAPTOP-TCRRDUCD" name="tests.IncomeTests" tests="5" failures="0" timestamp="18 May 2019 10:25:29 GMT" time="14.493" errors="0">
  <testcase name="VerifyAppLaunchesSuccessfully" time="0.128" classname="tests.IncomeTests"/>
  <testcase name="verifyCategoriesModal" time="3.348" classname="tests.IncomeTests"/>
  <testcase name="verifyTheIncomeCategoryScreenTitle" time="1.037" classname="tests.IncomeTests"/>
  <testcase name="verifyAddIncomeScreen" time="1.144" classname="tests.IncomeTests"/>
  <testcase name="verifyAddIncomeFeature" time="8.836" classname="tests.IncomeTests"/>
</testsuite> <!-- tests.IncomeTests -->
