<?xml version="1.0" encoding="UTF-8"?>
<!-- Generated by org.testng.reporters.JUnitReportReporter -->
<testsuite skipped="0" hostname="LAPTOP-TCRRDUCD" name="tests.SmokeTest" tests="10" failures="0" timestamp="16 May 2019 12:25:00 GMT" time="29.047" errors="0">
  <testcase name="verifyHomePageAfterLunchApp" time="0.263" classname="tests.SmokeTest"/>
  <testcase name="verifyCategoriesList" time="3.409" classname="tests.SmokeTest"/>
  <testcase name="verifyIncomePage" time="1.057" classname="tests.SmokeTest"/>
  <testcase name="verifySalaryPage" time="1.150" classname="tests.SmokeTest"/>
  <testcase name="addSalaryAsIncomeAndVerifyThem" time="8.725" classname="tests.SmokeTest"/>
  <testcase name="verifyExpanseCategories" time="3.330" classname="tests.SmokeTest"/>
  <testcase name="verifyTravelCategories" time="1.019" classname="tests.SmokeTest"/>
  <testcase name="verifyAddExpansePage" time="1.128" classname="tests.SmokeTest"/>
  <testcase name="addExpanseAsIncomeAndVerifyThem" time="8.772" classname="tests.SmokeTest"/>
  <testcase name="verifyHomePageAfterAddedExpense" time="0.194" classname="tests.SmokeTest"/>
</testsuite> <!-- tests.SmokeTest -->
