<?xml version="1.0" encoding="UTF-8"?>
<!-- Generated by org.testng.reporters.JUnitReportReporter -->
<testsuite skipped="0" hostname="LAPTOP-TCRRDUCD" name="tests.SmokeTest" tests="10" failures="0" timestamp="16 May 2019 12:31:09 GMT" time="28.987" errors="0">
  <testcase name="verifyHomePageAfterLunchApp" time="0.200" classname="tests.SmokeTest"/>
  <testcase name="verifyCategoriesList" time="3.432" classname="tests.SmokeTest"/>
  <testcase name="verifyIncomePage" time="1.021" classname="tests.SmokeTest"/>
  <testcase name="verifySalaryPage" time="1.075" classname="tests.SmokeTest"/>
  <testcase name="addSalaryAsIncomeAndVerifyThem" time="8.859" classname="tests.SmokeTest"/>
  <testcase name="verifyExpanseCategories" time="3.379" classname="tests.SmokeTest"/>
  <testcase name="verifyTravelCategories" time="1.060" classname="tests.SmokeTest"/>
  <testcase name="verifyAddExpansePage" time="1.090" classname="tests.SmokeTest"/>
  <testcase name="addExpanseAsIncomeAndVerifyThem" time="8.667" classname="tests.SmokeTest"/>
  <testcase name="verifyHomePageAfterAddedExpense" time="0.204" classname="tests.SmokeTest"/>
</testsuite> <!-- tests.SmokeTest -->
