<?xml version="1.0" encoding="UTF-8"?>
<!-- Generated by org.testng.reporters.JUnitReportReporter -->
<testsuite skipped="0" hostname="LAPTOP-TCRRDUCD" name="tests.ExpenseTests" tests="5" failures="0" timestamp="17 May 2019 08:39:04 GMT" time="14.549" errors="0">
  <testcase name="verifyExpanseCategories" time="3.330" classname="tests.ExpenseTests"/>
  <testcase name="verifyTravelCategories" time="1.088" classname="tests.ExpenseTests"/>
  <testcase name="verifyAddExpansePage" time="1.179" classname="tests.ExpenseTests"/>
  <testcase name="addExpanseAsIncomeAndVerifyThem" time="8.724" classname="tests.ExpenseTests"/>
  <testcase name="verifyHomePageAfterAddedExpense" time="0.228" classname="tests.ExpenseTests"/>
</testsuite> <!-- tests.ExpenseTests -->
