<?xml version="1.0" encoding="UTF-8"?>
<!-- Generated by org.testng.reporters.JUnitReportReporter -->
<testsuite skipped="0" hostname="LAPTOP-TCRRDUCD" name="tests.IncomeTests" tests="5" failures="0" timestamp="17 May 2019 08:39:04 GMT" time="14.350" errors="0">
  <testcase name="verifyHomePageAfterLunchApp" time="0.142" classname="tests.IncomeTests"/>
  <testcase name="verifyCategoriesList" time="3.357" classname="tests.IncomeTests"/>
  <testcase name="verifyIncomePage" time="0.997" classname="tests.IncomeTests"/>
  <testcase name="verifySalaryPage" time="1.114" classname="tests.IncomeTests"/>
  <testcase name="addSalaryAsIncomeAndVerifyThem" time="8.740" classname="tests.IncomeTests"/>
</testsuite> <!-- tests.IncomeTests -->
